app/build/intermediates/manifest_merge_blame_file/release/processReleaseMainManifest/manifest-merger-blame-release-report.txt
1<?xml version="1.0" encoding="utf-8"?>
2<manifest xmlns:android="http://schemas.android.com/apk/res/android"
3    package="com.example.musicwhisky1"
4    android:versionCode="1"
5    android:versionName="1.0" >
6
7    <uses-sdk
8        android:minSdkVersion="30"
9        android:targetSdkVersion="34" />
10
11    <!-- Permissões necessárias -->
12    <uses-permission android:name="android.permission.INTERNET" />
12-->src\main\AndroidManifest.xml:7:5-67
12-->src\main\AndroidManifest.xml:7:22-64
13
14    <permission
14-->[androidx.core:core:1.15.0] AndroidManifest.xml:22:5-24:47
15        android:name="com.example.musicwhisky1.DYNAMIC_RECEIVER_NOT_EXPORTED_PERMISSION"
15-->[androidx.core:core:1.15.0] AndroidManifest.xml:23:9-81
16        android:protectionLevel="signature" />
16-->[androidx.core:core:1.15.0] AndroidManifest.xml:24:9-44
17
18    <uses-permission android:name="com.example.musicwhisky1.DYNAMIC_RECEIVER_NOT_EXPORTED_PERMISSION" />
18-->[androidx.core:core:1.15.0] AndroidManifest.xml:26:5-97
18-->[androidx.core:core:1.15.0] AndroidManifest.xml:26:22-94
19
20    <application
20-->src\main\AndroidManifest.xml:9:5-33:19
21        android:allowBackup="true"
21-->src\main\AndroidManifest.xml:10:9-35
22        android:appComponentFactory="androidx.core.app.CoreComponentFactory"
22-->[androidx.core:core:1.15.0] AndroidManifest.xml:28:18-86
23        android:dataExtractionRules="@xml/data_extraction_rules"
23-->src\main\AndroidManifest.xml:11:9-65
24        android:extractNativeLibs="false"
25        android:fullBackupContent="@xml/backup_rules"
25-->src\main\AndroidManifest.xml:12:9-54
26        android:icon="@mipmap/ic_launcher"
26-->src\main\AndroidManifest.xml:13:9-43
27        android:label="@string/app_name"
27-->src\main\AndroidManifest.xml:14:9-41
28        android:roundIcon="@mipmap/ic_launcher_round"
28-->src\main\AndroidManifest.xml:15:9-54
29        android:supportsRtl="true"
29-->src\main\AndroidManifest.xml:16:9-35
30        android:theme="@style/Theme.Musicwhisky1" >
30-->src\main\AndroidManifest.xml:17:9-50
31
32        <!-- Atividade Principal -->
33        <activity
33-->src\main\AndroidManifest.xml:21:9-30:20
34            android:name="com.example.musicwhisky1.MainActivity"
34-->src\main\AndroidManifest.xml:22:13-41
35            android:exported="true"
35-->src\main\AndroidManifest.xml:23:13-36
36            android:label="@string/app_name"
36-->src\main\AndroidManifest.xml:24:13-45
37            android:theme="@style/Theme.Musicwhisky1" >
37-->src\main\AndroidManifest.xml:25:13-54
38            <intent-filter>
38-->src\main\AndroidManifest.xml:26:13-29:29
39                <action android:name="android.intent.action.MAIN" />
39-->src\main\AndroidManifest.xml:27:17-69
39-->src\main\AndroidManifest.xml:27:25-66
40
41                <category android:name="android.intent.category.LAUNCHER" />
41-->src\main\AndroidManifest.xml:28:17-77
41-->src\main\AndroidManifest.xml:28:27-74
42            </intent-filter>
43        </activity>
44
45        <service
45-->[androidx.room:room-runtime:2.6.1] AndroidManifest.xml:24:9-28:63
46            android:name="androidx.room.MultiInstanceInvalidationService"
46-->[androidx.room:room-runtime:2.6.1] AndroidManifest.xml:25:13-74
47            android:directBootAware="true"
47-->[androidx.room:room-runtime:2.6.1] AndroidManifest.xml:26:13-43
48            android:exported="false" />
48-->[androidx.room:room-runtime:2.6.1] AndroidManifest.xml:27:13-37
49
50        <provider
50-->[androidx.emoji2:emoji2:1.3.0] AndroidManifest.xml:24:9-32:20
51            android:name="androidx.startup.InitializationProvider"
51-->[androidx.emoji2:emoji2:1.3.0] AndroidManifest.xml:25:13-67
52            android:authorities="com.example.musicwhisky1.androidx-startup"
52-->[androidx.emoji2:emoji2:1.3.0] AndroidManifest.xml:26:13-68
53            android:exported="false" >
53-->[androidx.emoji2:emoji2:1.3.0] AndroidManifest.xml:27:13-37
54            <meta-data
54-->[androidx.emoji2:emoji2:1.3.0] AndroidManifest.xml:29:13-31:52
55                android:name="androidx.emoji2.text.EmojiCompatInitializer"
55-->[androidx.emoji2:emoji2:1.3.0] AndroidManifest.xml:30:17-75
56                android:value="androidx.startup" />
56-->[androidx.emoji2:emoji2:1.3.0] AndroidManifest.xml:31:17-49
57            <meta-data
57-->[androidx.lifecycle:lifecycle-process:2.8.7] AndroidManifest.xml:29:13-31:52
58                android:name="androidx.lifecycle.ProcessLifecycleInitializer"
58-->[androidx.lifecycle:lifecycle-process:2.8.7] AndroidManifest.xml:30:17-78
59                android:value="androidx.startup" />
59-->[androidx.lifecycle:lifecycle-process:2.8.7] AndroidManifest.xml:31:17-49
60            <meta-data
60-->[androidx.profileinstaller:profileinstaller:1.3.1] AndroidManifest.xml:29:13-31:52
61                android:name="androidx.profileinstaller.ProfileInstallerInitializer"
61-->[androidx.profileinstaller:profileinstaller:1.3.1] AndroidManifest.xml:30:17-85
62                android:value="androidx.startup" />
62-->[androidx.profileinstaller:profileinstaller:1.3.1] AndroidManifest.xml:31:17-49
63        </provider>
64
65        <receiver
65-->[androidx.profileinstaller:profileinstaller:1.3.1] AndroidManifest.xml:34:9-52:20
66            android:name="androidx.profileinstaller.ProfileInstallReceiver"
66-->[androidx.profileinstaller:profileinstaller:1.3.1] AndroidManifest.xml:35:13-76
67            android:directBootAware="false"
67-->[androidx.profileinstaller:profileinstaller:1.3.1] AndroidManifest.xml:36:13-44
68            android:enabled="true"
68-->[androidx.profileinstaller:profileinstaller:1.3.1] AndroidManifest.xml:37:13-35
69            android:exported="true"
69-->[androidx.profileinstaller:profileinstaller:1.3.1] AndroidManifest.xml:38:13-36
70            android:permission="android.permission.DUMP" >
70-->[androidx.profileinstaller:profileinstaller:1.3.1] AndroidManifest.xml:39:13-57
71            <intent-filter>
71-->[androidx.profileinstaller:profileinstaller:1.3.1] AndroidManifest.xml:40:13-42:29
72                <action android:name="androidx.profileinstaller.action.INSTALL_PROFILE" />
72-->[androidx.profileinstaller:profileinstaller:1.3.1] AndroidManifest.xml:41:17-91
72-->[androidx.profileinstaller:profileinstaller:1.3.1] AndroidManifest.xml:41:25-88
73            </intent-filter>
74            <intent-filter>
74-->[androidx.profileinstaller:profileinstaller:1.3.1] AndroidManifest.xml:43:13-45:29
75                <action android:name="androidx.profileinstaller.action.SKIP_FILE" />
75-->[androidx.profileinstaller:profileinstaller:1.3.1] AndroidManifest.xml:44:17-85
75-->[androidx.profileinstaller:profileinstaller:1.3.1] AndroidManifest.xml:44:25-82
76            </intent-filter>
77            <intent-filter>
77-->[androidx.profileinstaller:profileinstaller:1.3.1] AndroidManifest.xml:46:13-48:29
78                <action android:name="androidx.profileinstaller.action.SAVE_PROFILE" />
78-->[androidx.profileinstaller:profileinstaller:1.3.1] AndroidManifest.xml:47:17-88
78-->[androidx.profileinstaller:profileinstaller:1.3.1] AndroidManifest.xml:47:25-85
79            </intent-filter>
80            <intent-filter>
80-->[androidx.profileinstaller:profileinstaller:1.3.1] AndroidManifest.xml:49:13-51:29
81                <action android:name="androidx.profileinstaller.action.BENCHMARK_OPERATION" />
81-->[androidx.profileinstaller:profileinstaller:1.3.1] AndroidManifest.xml:50:17-95
81-->[androidx.profileinstaller:profileinstaller:1.3.1] AndroidManifest.xml:50:25-92
82            </intent-filter>
83        </receiver>
84    </application>
85
86</manifest>